"xcrun clang -o conftest -I/System/Library/Frameworks/Ruby.framework/Versions/2.0/usr/include/ruby-2.0.0/universal-darwin16 -I/System/Library/Frameworks/Ruby.framework/Versions/2.0/usr/include/ruby-2.0.0/ruby/backward -I/System/Library/Frameworks/Ruby.framework/Versions/2.0/usr/include/ruby-2.0.0 -I. -D_XOPEN_SOURCE -D_DARWIN_C_SOURCE -D_DARWIN_UNLIMITED_SELECT -D_REENTRANT    -g -Os -pipe -DHAVE_GCC_SYNC_BUILTINS conftest.c  -L. -L/System/Library/Frameworks/Ruby.framework/Versions/2.0/usr/lib -L. -L/usr/local/lib   -arch i386 -arch x86_64   -lruby.2.0.0  -lpthread -ldl -lobjc "
checked program was:
/* begin */
1: #include "ruby.h"
2: 
3: int main(int argc, char **argv)
4: {
5:   return 0;
6: }
/* end */

"xcrun clang -o conftest -I/System/Library/Frameworks/Ruby.framework/Versions/2.0/usr/include/ruby-2.0.0/universal-darwin16 -I/System/Library/Frameworks/Ruby.framework/Versions/2.0/usr/include/ruby-2.0.0/ruby/backward -I/System/Library/Frameworks/Ruby.framework/Versions/2.0/usr/include/ruby-2.0.0 -I. -D_XOPEN_SOURCE -D_DARWIN_C_SOURCE -D_DARWIN_UNLIMITED_SELECT -D_REENTRANT    -g -Os -pipe -DHAVE_GCC_SYNC_BUILTINS conftest.c  -L. -L/System/Library/Frameworks/Ruby.framework/Versions/2.0/usr/lib -L. -L/usr/local/lib   -arch i386 -arch x86_64   -lruby.2.0.0 -lssl -lcrypto -lz -lpthread -ldl -lobjc "
checked program was:
/* begin */
1: #include "ruby.h"
2: 
3: int main(int argc, char **argv)
4: {
5:   return 0;
6: }
/* end */

package configuration for openssl
cflags: 
ldflags: 
libs: -lssl -lcrypto -lz

have_library: checking for main() in -lcrypto... -------------------- yes

"xcrun clang -o conftest -I/System/Library/Frameworks/Ruby.framework/Versions/2.0/usr/include/ruby-2.0.0/universal-darwin16 -I/System/Library/Frameworks/Ruby.framework/Versions/2.0/usr/include/ruby-2.0.0/ruby/backward -I/System/Library/Frameworks/Ruby.framework/Versions/2.0/usr/include/ruby-2.0.0 -I. -D_XOPEN_SOURCE -D_DARWIN_C_SOURCE -D_DARWIN_UNLIMITED_SELECT -D_REENTRANT    -g -Os -pipe -DHAVE_GCC_SYNC_BUILTINS  conftest.c  -L. -L/System/Library/Frameworks/Ruby.framework/Versions/2.0/usr/lib -L. -L/usr/local/lib    -arch i386 -arch x86_64   -lssl -lcrypto -lz -lruby.2.0.0  -lssl -lcrypto -lz -lcrypto -lpthread -ldl -lobjc "
conftest.c:5:57: error: use of undeclared identifier 'main'
int t(void) { void ((*volatile p)()); p = (void ((*)()))main; return 0; }
                                                        ^
1 error generated.
checked program was:
/* begin */
 1: #include "ruby.h"
 2: 
 3: /*top*/
 4: extern int t(void);
 5: int t(void) { void ((*volatile p)()); p = (void ((*)()))main; return 0; }
 6: int main(int argc, char **argv)
 7: {
 8:   if (argc > 1000000) {
 9:     printf("%p", &t);
10:   }
11: 
12:   return 0;
13: }
/* end */

"xcrun clang -o conftest -I/System/Library/Frameworks/Ruby.framework/Versions/2.0/usr/include/ruby-2.0.0/universal-darwin16 -I/System/Library/Frameworks/Ruby.framework/Versions/2.0/usr/include/ruby-2.0.0/ruby/backward -I/System/Library/Frameworks/Ruby.framework/Versions/2.0/usr/include/ruby-2.0.0 -I. -D_XOPEN_SOURCE -D_DARWIN_C_SOURCE -D_DARWIN_UNLIMITED_SELECT -D_REENTRANT    -g -Os -pipe -DHAVE_GCC_SYNC_BUILTINS  conftest.c  -L. -L/System/Library/Frameworks/Ruby.framework/Versions/2.0/usr/lib -L. -L/usr/local/lib    -arch i386 -arch x86_64   -lssl -lcrypto -lz -lruby.2.0.0  -lssl -lcrypto -lz -lcrypto -lpthread -ldl -lobjc "
conftest.c:5:15: warning: implicit declaration of function 'main' is invalid in C99 [-Wimplicit-function-declaration]
int t(void) { main(); return 0; }
              ^
1 warning generated.
conftest.c:5:15: warning: implicit declaration of function 'main' is invalid in C99 [-Wimplicit-function-declaration]
int t(void) { main(); return 0; }
              ^
1 warning generated.
checked program was:
/* begin */
 1: #include "ruby.h"
 2: 
 3: /*top*/
 4: extern int t(void);
 5: int t(void) { main(); return 0; }
 6: int main(int argc, char **argv)
 7: {
 8:   if (argc > 1000000) {
 9:     printf("%p", &t);
10:   }
11: 
12:   return 0;
13: }
/* end */

--------------------

have_library: checking for main() in -lssl... -------------------- yes

"xcrun clang -o conftest -I/System/Library/Frameworks/Ruby.framework/Versions/2.0/usr/include/ruby-2.0.0/universal-darwin16 -I/System/Library/Frameworks/Ruby.framework/Versions/2.0/usr/include/ruby-2.0.0/ruby/backward -I/System/Library/Frameworks/Ruby.framework/Versions/2.0/usr/include/ruby-2.0.0 -I. -D_XOPEN_SOURCE -D_DARWIN_C_SOURCE -D_DARWIN_UNLIMITED_SELECT -D_REENTRANT    -g -Os -pipe -DHAVE_GCC_SYNC_BUILTINS  conftest.c  -L. -L/System/Library/Frameworks/Ruby.framework/Versions/2.0/usr/lib -L. -L/usr/local/lib    -arch i386 -arch x86_64   -lssl -lcrypto -lz -lcrypto -lruby.2.0.0  -lssl -lcrypto -lz -lcrypto -lssl -lpthread -ldl -lobjc "
conftest.c:5:57: error: use of undeclared identifier 'main'
int t(void) { void ((*volatile p)()); p = (void ((*)()))main; return 0; }
                                                        ^
1 error generated.
checked program was:
/* begin */
 1: #include "ruby.h"
 2: 
 3: /*top*/
 4: extern int t(void);
 5: int t(void) { void ((*volatile p)()); p = (void ((*)()))main; return 0; }
 6: int main(int argc, char **argv)
 7: {
 8:   if (argc > 1000000) {
 9:     printf("%p", &t);
10:   }
11: 
12:   return 0;
13: }
/* end */

"xcrun clang -o conftest -I/System/Library/Frameworks/Ruby.framework/Versions/2.0/usr/include/ruby-2.0.0/universal-darwin16 -I/System/Library/Frameworks/Ruby.framework/Versions/2.0/usr/include/ruby-2.0.0/ruby/backward -I/System/Library/Frameworks/Ruby.framework/Versions/2.0/usr/include/ruby-2.0.0 -I. -D_XOPEN_SOURCE -D_DARWIN_C_SOURCE -D_DARWIN_UNLIMITED_SELECT -D_REENTRANT    -g -Os -pipe -DHAVE_GCC_SYNC_BUILTINS  conftest.c  -L. -L/System/Library/Frameworks/Ruby.framework/Versions/2.0/usr/lib -L. -L/usr/local/lib    -arch i386 -arch x86_64   -lssl -lcrypto -lz -lcrypto -lruby.2.0.0  -lssl -lcrypto -lz -lcrypto -lssl -lpthread -ldl -lobjc "
conftest.c:5:15: warning: implicit declaration of function 'main' is invalid in C99 [-Wimplicit-function-declaration]
int t(void) { main(); return 0; }
              ^
1 warning generated.
conftest.c:5:15: warning: implicit declaration of function 'main' is invalid in C99 [-Wimplicit-function-declaration]
int t(void) { main(); return 0; }
              ^
1 warning generated.
checked program was:
/* begin */
 1: #include "ruby.h"
 2: 
 3: /*top*/
 4: extern int t(void);
 5: int t(void) { main(); return 0; }
 6: int main(int argc, char **argv)
 7: {
 8:   if (argc > 1000000) {
 9:     printf("%p", &t);
10:   }
11: 
12:   return 0;
13: }
/* end */

--------------------

have_header: checking for openssl/ssl.h... -------------------- no

"xcrun clang -I/System/Library/Frameworks/Ruby.framework/Versions/2.0/usr/include/ruby-2.0.0/universal-darwin16 -I/System/Library/Frameworks/Ruby.framework/Versions/2.0/usr/include/ruby-2.0.0/ruby/backward -I/System/Library/Frameworks/Ruby.framework/Versions/2.0/usr/include/ruby-2.0.0 -I. -D_XOPEN_SOURCE -D_DARWIN_C_SOURCE -D_DARWIN_UNLIMITED_SELECT -D_REENTRANT    -g -Os -pipe -DHAVE_GCC_SYNC_BUILTINS   -arch i386 -arch x86_64  -c conftest.c"
conftest.c:3:10: fatal error: 'openssl/ssl.h' file not found
#include <openssl/ssl.h>
         ^
1 error generated.
checked program was:
/* begin */
1: #include "ruby.h"
2: 
3: #include <openssl/ssl.h>
/* end */

--------------------

have_library: checking for main() in -lcrypto... -------------------- yes

"xcrun clang -o conftest -I/System/Library/Frameworks/Ruby.framework/Versions/2.0/usr/include/ruby-2.0.0/universal-darwin16 -I/System/Library/Frameworks/Ruby.framework/Versions/2.0/usr/include/ruby-2.0.0/ruby/backward -I/System/Library/Frameworks/Ruby.framework/Versions/2.0/usr/include/ruby-2.0.0 -I. -I/usr/local/include -D_XOPEN_SOURCE -D_DARWIN_C_SOURCE -D_DARWIN_UNLIMITED_SELECT -D_REENTRANT    -g -Os -pipe -DHAVE_GCC_SYNC_BUILTINS  conftest.c  -L. -L/System/Library/Frameworks/Ruby.framework/Versions/2.0/usr/lib -L/usr/local/lib -L. -L/usr/local/lib    -arch i386 -arch x86_64   -lssl -lcrypto -lz -lcrypto -lssl -lruby.2.0.0  -lssl -lcrypto -lz -lcrypto -lssl -lcrypto -lpthread -ldl -lobjc "
conftest.c:5:57: error: use of undeclared identifier 'main'
int t(void) { void ((*volatile p)()); p = (void ((*)()))main; return 0; }
                                                        ^
1 error generated.
checked program was:
/* begin */
 1: #include "ruby.h"
 2: 
 3: /*top*/
 4: extern int t(void);
 5: int t(void) { void ((*volatile p)()); p = (void ((*)()))main; return 0; }
 6: int main(int argc, char **argv)
 7: {
 8:   if (argc > 1000000) {
 9:     printf("%p", &t);
10:   }
11: 
12:   return 0;
13: }
/* end */

"xcrun clang -o conftest -I/System/Library/Frameworks/Ruby.framework/Versions/2.0/usr/include/ruby-2.0.0/universal-darwin16 -I/System/Library/Frameworks/Ruby.framework/Versions/2.0/usr/include/ruby-2.0.0/ruby/backward -I/System/Library/Frameworks/Ruby.framework/Versions/2.0/usr/include/ruby-2.0.0 -I. -I/usr/local/include -D_XOPEN_SOURCE -D_DARWIN_C_SOURCE -D_DARWIN_UNLIMITED_SELECT -D_REENTRANT    -g -Os -pipe -DHAVE_GCC_SYNC_BUILTINS  conftest.c  -L. -L/System/Library/Frameworks/Ruby.framework/Versions/2.0/usr/lib -L/usr/local/lib -L. -L/usr/local/lib    -arch i386 -arch x86_64   -lssl -lcrypto -lz -lcrypto -lssl -lruby.2.0.0  -lssl -lcrypto -lz -lcrypto -lssl -lcrypto -lpthread -ldl -lobjc "
conftest.c:5:15: warning: implicit declaration of function 'main' is invalid in C99 [-Wimplicit-function-declaration]
int t(void) { main(); return 0; }
              ^
1 warning generated.
conftest.c:5:15: warning: implicit declaration of function 'main' is invalid in C99 [-Wimplicit-function-declaration]
int t(void) { main(); return 0; }
              ^
1 warning generated.
checked program was:
/* begin */
 1: #include "ruby.h"
 2: 
 3: /*top*/
 4: extern int t(void);
 5: int t(void) { main(); return 0; }
 6: int main(int argc, char **argv)
 7: {
 8:   if (argc > 1000000) {
 9:     printf("%p", &t);
10:   }
11: 
12:   return 0;
13: }
/* end */

--------------------

have_library: checking for main() in -lssl... -------------------- yes

"xcrun clang -o conftest -I/System/Library/Frameworks/Ruby.framework/Versions/2.0/usr/include/ruby-2.0.0/universal-darwin16 -I/System/Library/Frameworks/Ruby.framework/Versions/2.0/usr/include/ruby-2.0.0/ruby/backward -I/System/Library/Frameworks/Ruby.framework/Versions/2.0/usr/include/ruby-2.0.0 -I. -I/usr/local/include -D_XOPEN_SOURCE -D_DARWIN_C_SOURCE -D_DARWIN_UNLIMITED_SELECT -D_REENTRANT    -g -Os -pipe -DHAVE_GCC_SYNC_BUILTINS  conftest.c  -L. -L/System/Library/Frameworks/Ruby.framework/Versions/2.0/usr/lib -L/usr/local/lib -L. -L/usr/local/lib    -arch i386 -arch x86_64   -lssl -lcrypto -lz -lcrypto -lssl -lcrypto -lruby.2.0.0  -lssl -lcrypto -lz -lcrypto -lssl -lcrypto -lssl -lpthread -ldl -lobjc "
conftest.c:5:57: error: use of undeclared identifier 'main'
int t(void) { void ((*volatile p)()); p = (void ((*)()))main; return 0; }
                                                        ^
1 error generated.
checked program was:
/* begin */
 1: #include "ruby.h"
 2: 
 3: /*top*/
 4: extern int t(void);
 5: int t(void) { void ((*volatile p)()); p = (void ((*)()))main; return 0; }
 6: int main(int argc, char **argv)
 7: {
 8:   if (argc > 1000000) {
 9:     printf("%p", &t);
10:   }
11: 
12:   return 0;
13: }
/* end */

"xcrun clang -o conftest -I/System/Library/Frameworks/Ruby.framework/Versions/2.0/usr/include/ruby-2.0.0/universal-darwin16 -I/System/Library/Frameworks/Ruby.framework/Versions/2.0/usr/include/ruby-2.0.0/ruby/backward -I/System/Library/Frameworks/Ruby.framework/Versions/2.0/usr/include/ruby-2.0.0 -I. -I/usr/local/include -D_XOPEN_SOURCE -D_DARWIN_C_SOURCE -D_DARWIN_UNLIMITED_SELECT -D_REENTRANT    -g -Os -pipe -DHAVE_GCC_SYNC_BUILTINS  conftest.c  -L. -L/System/Library/Frameworks/Ruby.framework/Versions/2.0/usr/lib -L/usr/local/lib -L. -L/usr/local/lib    -arch i386 -arch x86_64   -lssl -lcrypto -lz -lcrypto -lssl -lcrypto -lruby.2.0.0  -lssl -lcrypto -lz -lcrypto -lssl -lcrypto -lssl -lpthread -ldl -lobjc "
conftest.c:5:15: warning: implicit declaration of function 'main' is invalid in C99 [-Wimplicit-function-declaration]
int t(void) { main(); return 0; }
              ^
1 warning generated.
conftest.c:5:15: warning: implicit declaration of function 'main' is invalid in C99 [-Wimplicit-function-declaration]
int t(void) { main(); return 0; }
              ^
1 warning generated.
checked program was:
/* begin */
 1: #include "ruby.h"
 2: 
 3: /*top*/
 4: extern int t(void);
 5: int t(void) { main(); return 0; }
 6: int main(int argc, char **argv)
 7: {
 8:   if (argc > 1000000) {
 9:     printf("%p", &t);
10:   }
11: 
12:   return 0;
13: }
/* end */

--------------------

have_header: checking for openssl/ssl.h... -------------------- no

"xcrun clang -I/System/Library/Frameworks/Ruby.framework/Versions/2.0/usr/include/ruby-2.0.0/universal-darwin16 -I/System/Library/Frameworks/Ruby.framework/Versions/2.0/usr/include/ruby-2.0.0/ruby/backward -I/System/Library/Frameworks/Ruby.framework/Versions/2.0/usr/include/ruby-2.0.0 -I. -I/usr/local/include -D_XOPEN_SOURCE -D_DARWIN_C_SOURCE -D_DARWIN_UNLIMITED_SELECT -D_REENTRANT    -g -Os -pipe -DHAVE_GCC_SYNC_BUILTINS   -arch i386 -arch x86_64  -c conftest.c"
conftest.c:3:10: fatal error: 'openssl/ssl.h' file not found
#include <openssl/ssl.h>
         ^
1 error generated.
checked program was:
/* begin */
1: #include "ruby.h"
2: 
3: #include <openssl/ssl.h>
/* end */

--------------------

have_library: checking for main() in -lcrypto... -------------------- yes

"xcrun clang -o conftest -I/System/Library/Frameworks/Ruby.framework/Versions/2.0/usr/include/ruby-2.0.0/universal-darwin16 -I/System/Library/Frameworks/Ruby.framework/Versions/2.0/usr/include/ruby-2.0.0/ruby/backward -I/System/Library/Frameworks/Ruby.framework/Versions/2.0/usr/include/ruby-2.0.0 -I. -I/opt/local/include -I/usr/local/include -D_XOPEN_SOURCE -D_DARWIN_C_SOURCE -D_DARWIN_UNLIMITED_SELECT -D_REENTRANT    -g -Os -pipe -DHAVE_GCC_SYNC_BUILTINS  conftest.c  -L. -L/System/Library/Frameworks/Ruby.framework/Versions/2.0/usr/lib -L/opt/local/lib -L/usr/local/lib -L. -L/usr/local/lib    -arch i386 -arch x86_64   -lssl -lcrypto -lz -lcrypto -lssl -lcrypto -lssl -lruby.2.0.0  -lssl -lcrypto -lz -lcrypto -lssl -lcrypto -lssl -lcrypto -lpthread -ldl -lobjc "
conftest.c:5:57: error: use of undeclared identifier 'main'
int t(void) { void ((*volatile p)()); p = (void ((*)()))main; return 0; }
                                                        ^
1 error generated.
checked program was:
/* begin */
 1: #include "ruby.h"
 2: 
 3: /*top*/
 4: extern int t(void);
 5: int t(void) { void ((*volatile p)()); p = (void ((*)()))main; return 0; }
 6: int main(int argc, char **argv)
 7: {
 8:   if (argc > 1000000) {
 9:     printf("%p", &t);
10:   }
11: 
12:   return 0;
13: }
/* end */

"xcrun clang -o conftest -I/System/Library/Frameworks/Ruby.framework/Versions/2.0/usr/include/ruby-2.0.0/universal-darwin16 -I/System/Library/Frameworks/Ruby.framework/Versions/2.0/usr/include/ruby-2.0.0/ruby/backward -I/System/Library/Frameworks/Ruby.framework/Versions/2.0/usr/include/ruby-2.0.0 -I. -I/opt/local/include -I/usr/local/include -D_XOPEN_SOURCE -D_DARWIN_C_SOURCE -D_DARWIN_UNLIMITED_SELECT -D_REENTRANT    -g -Os -pipe -DHAVE_GCC_SYNC_BUILTINS  conftest.c  -L. -L/System/Library/Frameworks/Ruby.framework/Versions/2.0/usr/lib -L/opt/local/lib -L/usr/local/lib -L. -L/usr/local/lib    -arch i386 -arch x86_64   -lssl -lcrypto -lz -lcrypto -lssl -lcrypto -lssl -lruby.2.0.0  -lssl -lcrypto -lz -lcrypto -lssl -lcrypto -lssl -lcrypto -lpthread -ldl -lobjc "
conftest.c:5:15: warning: implicit declaration of function 'main' is invalid in C99 [-Wimplicit-function-declaration]
int t(void) { main(); return 0; }
              ^
1 warning generated.
ld: warning: directory not found for option '-L/opt/local/lib'
conftest.c:5:15: warning: implicit declaration of function 'main' is invalid in C99 [-Wimplicit-function-declaration]
int t(void) { main(); return 0; }
              ^
1 warning generated.
ld: warning: directory not found for option '-L/opt/local/lib'
checked program was:
/* begin */
 1: #include "ruby.h"
 2: 
 3: /*top*/
 4: extern int t(void);
 5: int t(void) { main(); return 0; }
 6: int main(int argc, char **argv)
 7: {
 8:   if (argc > 1000000) {
 9:     printf("%p", &t);
10:   }
11: 
12:   return 0;
13: }
/* end */

--------------------

have_library: checking for main() in -lssl... -------------------- yes

"xcrun clang -o conftest -I/System/Library/Frameworks/Ruby.framework/Versions/2.0/usr/include/ruby-2.0.0/universal-darwin16 -I/System/Library/Frameworks/Ruby.framework/Versions/2.0/usr/include/ruby-2.0.0/ruby/backward -I/System/Library/Frameworks/Ruby.framework/Versions/2.0/usr/include/ruby-2.0.0 -I. -I/opt/local/include -I/usr/local/include -D_XOPEN_SOURCE -D_DARWIN_C_SOURCE -D_DARWIN_UNLIMITED_SELECT -D_REENTRANT    -g -Os -pipe -DHAVE_GCC_SYNC_BUILTINS  conftest.c  -L. -L/System/Library/Frameworks/Ruby.framework/Versions/2.0/usr/lib -L/opt/local/lib -L/usr/local/lib -L. -L/usr/local/lib    -arch i386 -arch x86_64   -lssl -lcrypto -lz -lcrypto -lssl -lcrypto -lssl -lcrypto -lruby.2.0.0  -lssl -lcrypto -lz -lcrypto -lssl -lcrypto -lssl -lcrypto -lssl -lpthread -ldl -lobjc "
conftest.c:5:57: error: use of undeclared identifier 'main'
int t(void) { void ((*volatile p)()); p = (void ((*)()))main; return 0; }
                                                        ^
1 error generated.
checked program was:
/* begin */
 1: #include "ruby.h"
 2: 
 3: /*top*/
 4: extern int t(void);
 5: int t(void) { void ((*volatile p)()); p = (void ((*)()))main; return 0; }
 6: int main(int argc, char **argv)
 7: {
 8:   if (argc > 1000000) {
 9:     printf("%p", &t);
10:   }
11: 
12:   return 0;
13: }
/* end */

"xcrun clang -o conftest -I/System/Library/Frameworks/Ruby.framework/Versions/2.0/usr/include/ruby-2.0.0/universal-darwin16 -I/System/Library/Frameworks/Ruby.framework/Versions/2.0/usr/include/ruby-2.0.0/ruby/backward -I/System/Library/Frameworks/Ruby.framework/Versions/2.0/usr/include/ruby-2.0.0 -I. -I/opt/local/include -I/usr/local/include -D_XOPEN_SOURCE -D_DARWIN_C_SOURCE -D_DARWIN_UNLIMITED_SELECT -D_REENTRANT    -g -Os -pipe -DHAVE_GCC_SYNC_BUILTINS  conftest.c  -L. -L/System/Library/Frameworks/Ruby.framework/Versions/2.0/usr/lib -L/opt/local/lib -L/usr/local/lib -L. -L/usr/local/lib    -arch i386 -arch x86_64   -lssl -lcrypto -lz -lcrypto -lssl -lcrypto -lssl -lcrypto -lruby.2.0.0  -lssl -lcrypto -lz -lcrypto -lssl -lcrypto -lssl -lcrypto -lssl -lpthread -ldl -lobjc "
conftest.c:5:15: warning: implicit declaration of function 'main' is invalid in C99 [-Wimplicit-function-declaration]
int t(void) { main(); return 0; }
              ^
1 warning generated.
ld: warning: directory not found for option '-L/opt/local/lib'
conftest.c:5:15: warning: implicit declaration of function 'main' is invalid in C99 [-Wimplicit-function-declaration]
int t(void) { main(); return 0; }
              ^
1 warning generated.
ld: warning: directory not found for option '-L/opt/local/lib'
checked program was:
/* begin */
 1: #include "ruby.h"
 2: 
 3: /*top*/
 4: extern int t(void);
 5: int t(void) { main(); return 0; }
 6: int main(int argc, char **argv)
 7: {
 8:   if (argc > 1000000) {
 9:     printf("%p", &t);
10:   }
11: 
12:   return 0;
13: }
/* end */

--------------------

have_header: checking for openssl/ssl.h... -------------------- no

"xcrun clang -I/System/Library/Frameworks/Ruby.framework/Versions/2.0/usr/include/ruby-2.0.0/universal-darwin16 -I/System/Library/Frameworks/Ruby.framework/Versions/2.0/usr/include/ruby-2.0.0/ruby/backward -I/System/Library/Frameworks/Ruby.framework/Versions/2.0/usr/include/ruby-2.0.0 -I. -I/opt/local/include -I/usr/local/include -D_XOPEN_SOURCE -D_DARWIN_C_SOURCE -D_DARWIN_UNLIMITED_SELECT -D_REENTRANT    -g -Os -pipe -DHAVE_GCC_SYNC_BUILTINS   -arch i386 -arch x86_64  -c conftest.c"
conftest.c:3:10: fatal error: 'openssl/ssl.h' file not found
#include <openssl/ssl.h>
         ^
1 error generated.
checked program was:
/* begin */
1: #include "ruby.h"
2: 
3: #include <openssl/ssl.h>
/* end */

--------------------

have_library: checking for main() in -lcrypto... -------------------- yes

"xcrun clang -o conftest -I/System/Library/Frameworks/Ruby.framework/Versions/2.0/usr/include/ruby-2.0.0/universal-darwin16 -I/System/Library/Frameworks/Ruby.framework/Versions/2.0/usr/include/ruby-2.0.0/ruby/backward -I/System/Library/Frameworks/Ruby.framework/Versions/2.0/usr/include/ruby-2.0.0 -I. -I/usr/local/opt/openssl/include -I/opt/local/include -I/usr/local/include -D_XOPEN_SOURCE -D_DARWIN_C_SOURCE -D_DARWIN_UNLIMITED_SELECT -D_REENTRANT    -g -Os -pipe -DHAVE_GCC_SYNC_BUILTINS  conftest.c  -L. -L/System/Library/Frameworks/Ruby.framework/Versions/2.0/usr/lib -L/usr/local/opt/openssl/lib -L/opt/local/lib -L/usr/local/lib -L. -L/usr/local/lib    -arch i386 -arch x86_64   -lssl -lcrypto -lz -lcrypto -lssl -lcrypto -lssl -lcrypto -lssl -lruby.2.0.0  -lssl -lcrypto -lz -lcrypto -lssl -lcrypto -lssl -lcrypto -lssl -lcrypto -lpthread -ldl -lobjc "
conftest.c:5:57: error: use of undeclared identifier 'main'
int t(void) { void ((*volatile p)()); p = (void ((*)()))main; return 0; }
                                                        ^
1 error generated.
checked program was:
/* begin */
 1: #include "ruby.h"
 2: 
 3: /*top*/
 4: extern int t(void);
 5: int t(void) { void ((*volatile p)()); p = (void ((*)()))main; return 0; }
 6: int main(int argc, char **argv)
 7: {
 8:   if (argc > 1000000) {
 9:     printf("%p", &t);
10:   }
11: 
12:   return 0;
13: }
/* end */

"xcrun clang -o conftest -I/System/Library/Frameworks/Ruby.framework/Versions/2.0/usr/include/ruby-2.0.0/universal-darwin16 -I/System/Library/Frameworks/Ruby.framework/Versions/2.0/usr/include/ruby-2.0.0/ruby/backward -I/System/Library/Frameworks/Ruby.framework/Versions/2.0/usr/include/ruby-2.0.0 -I. -I/usr/local/opt/openssl/include -I/opt/local/include -I/usr/local/include -D_XOPEN_SOURCE -D_DARWIN_C_SOURCE -D_DARWIN_UNLIMITED_SELECT -D_REENTRANT    -g -Os -pipe -DHAVE_GCC_SYNC_BUILTINS  conftest.c  -L. -L/System/Library/Frameworks/Ruby.framework/Versions/2.0/usr/lib -L/usr/local/opt/openssl/lib -L/opt/local/lib -L/usr/local/lib -L. -L/usr/local/lib    -arch i386 -arch x86_64   -lssl -lcrypto -lz -lcrypto -lssl -lcrypto -lssl -lcrypto -lssl -lruby.2.0.0  -lssl -lcrypto -lz -lcrypto -lssl -lcrypto -lssl -lcrypto -lssl -lcrypto -lpthread -ldl -lobjc "
conftest.c:5:15: warning: implicit declaration of function 'main' is invalid in C99 [-Wimplicit-function-declaration]
int t(void) { main(); return 0; }
              ^
1 warning generated.
ld: warning: directory not found for option '-L/opt/local/lib'
ld: warning: ld: warning: ignoring file /usr/local/opt/openssl/lib/libcrypto.dylib, file was built for x86_64 which is not the architecture being linked (i386): /usr/local/opt/openssl/lib/libcrypto.dylibignoring file /usr/local/opt/openssl/lib/libssl.dylib, file was built for x86_64 which is not the architecture being linked (i386): /usr/local/opt/openssl/lib/libssl.dylib

conftest.c:5:15: warning: implicit declaration of function 'main' is invalid in C99 [-Wimplicit-function-declaration]
int t(void) { main(); return 0; }
              ^
1 warning generated.
ld: warning: directory not found for option '-L/opt/local/lib'
checked program was:
/* begin */
 1: #include "ruby.h"
 2: 
 3: /*top*/
 4: extern int t(void);
 5: int t(void) { main(); return 0; }
 6: int main(int argc, char **argv)
 7: {
 8:   if (argc > 1000000) {
 9:     printf("%p", &t);
10:   }
11: 
12:   return 0;
13: }
/* end */

--------------------

have_library: checking for main() in -lssl... -------------------- yes

"xcrun clang -o conftest -I/System/Library/Frameworks/Ruby.framework/Versions/2.0/usr/include/ruby-2.0.0/universal-darwin16 -I/System/Library/Frameworks/Ruby.framework/Versions/2.0/usr/include/ruby-2.0.0/ruby/backward -I/System/Library/Frameworks/Ruby.framework/Versions/2.0/usr/include/ruby-2.0.0 -I. -I/usr/local/opt/openssl/include -I/opt/local/include -I/usr/local/include -D_XOPEN_SOURCE -D_DARWIN_C_SOURCE -D_DARWIN_UNLIMITED_SELECT -D_REENTRANT    -g -Os -pipe -DHAVE_GCC_SYNC_BUILTINS  conftest.c  -L. -L/System/Library/Frameworks/Ruby.framework/Versions/2.0/usr/lib -L/usr/local/opt/openssl/lib -L/opt/local/lib -L/usr/local/lib -L. -L/usr/local/lib    -arch i386 -arch x86_64   -lssl -lcrypto -lz -lcrypto -lssl -lcrypto -lssl -lcrypto -lssl -lcrypto -lruby.2.0.0  -lssl -lcrypto -lz -lcrypto -lssl -lcrypto -lssl -lcrypto -lssl -lcrypto -lssl -lpthread -ldl -lobjc "
conftest.c:5:57: error: use of undeclared identifier 'main'
int t(void) { void ((*volatile p)()); p = (void ((*)()))main; return 0; }
                                                        ^
1 error generated.
checked program was:
/* begin */
 1: #include "ruby.h"
 2: 
 3: /*top*/
 4: extern int t(void);
 5: int t(void) { void ((*volatile p)()); p = (void ((*)()))main; return 0; }
 6: int main(int argc, char **argv)
 7: {
 8:   if (argc > 1000000) {
 9:     printf("%p", &t);
10:   }
11: 
12:   return 0;
13: }
/* end */

"xcrun clang -o conftest -I/System/Library/Frameworks/Ruby.framework/Versions/2.0/usr/include/ruby-2.0.0/universal-darwin16 -I/System/Library/Frameworks/Ruby.framework/Versions/2.0/usr/include/ruby-2.0.0/ruby/backward -I/System/Library/Frameworks/Ruby.framework/Versions/2.0/usr/include/ruby-2.0.0 -I. -I/usr/local/opt/openssl/include -I/opt/local/include -I/usr/local/include -D_XOPEN_SOURCE -D_DARWIN_C_SOURCE -D_DARWIN_UNLIMITED_SELECT -D_REENTRANT    -g -Os -pipe -DHAVE_GCC_SYNC_BUILTINS  conftest.c  -L. -L/System/Library/Frameworks/Ruby.framework/Versions/2.0/usr/lib -L/usr/local/opt/openssl/lib -L/opt/local/lib -L/usr/local/lib -L. -L/usr/local/lib    -arch i386 -arch x86_64   -lssl -lcrypto -lz -lcrypto -lssl -lcrypto -lssl -lcrypto -lssl -lcrypto -lruby.2.0.0  -lssl -lcrypto -lz -lcrypto -lssl -lcrypto -lssl -lcrypto -lssl -lcrypto -lssl -lpthread -ldl -lobjc "
conftest.c:5:15: warning: implicit declaration of function 'main' is invalid in C99 [-Wimplicit-function-declaration]
int t(void) { main(); return 0; }
              ^
1 warning generated.
ld: warning: directory not found for option '-L/opt/local/lib'
ld: warning: ld: warning: ignoring file /usr/local/opt/openssl/lib/libssl.dylib, file was built for x86_64 which is not the architecture being linked (i386): /usr/local/opt/openssl/lib/libssl.dylibignoring file /usr/local/opt/openssl/lib/libcrypto.dylib, file was built for x86_64 which is not the architecture being linked (i386): /usr/local/opt/openssl/lib/libcrypto.dylib

conftest.c:5:15: warning: implicit declaration of function 'main' is invalid in C99 [-Wimplicit-function-declaration]
int t(void) { main(); return 0; }
              ^
1 warning generated.
ld: warning: directory not found for option '-L/opt/local/lib'
checked program was:
/* begin */
 1: #include "ruby.h"
 2: 
 3: /*top*/
 4: extern int t(void);
 5: int t(void) { main(); return 0; }
 6: int main(int argc, char **argv)
 7: {
 8:   if (argc > 1000000) {
 9:     printf("%p", &t);
10:   }
11: 
12:   return 0;
13: }
/* end */

--------------------

have_header: checking for openssl/ssl.h... -------------------- yes

"xcrun clang -I/System/Library/Frameworks/Ruby.framework/Versions/2.0/usr/include/ruby-2.0.0/universal-darwin16 -I/System/Library/Frameworks/Ruby.framework/Versions/2.0/usr/include/ruby-2.0.0/ruby/backward -I/System/Library/Frameworks/Ruby.framework/Versions/2.0/usr/include/ruby-2.0.0 -I. -I/usr/local/opt/openssl/include -I/opt/local/include -I/usr/local/include -D_XOPEN_SOURCE -D_DARWIN_C_SOURCE -D_DARWIN_UNLIMITED_SELECT -D_REENTRANT    -g -Os -pipe -DHAVE_GCC_SYNC_BUILTINS   -arch i386 -arch x86_64  -c conftest.c"
checked program was:
/* begin */
1: #include "ruby.h"
2: 
3: #include <openssl/ssl.h>
/* end */

--------------------

have_header: checking for openssl/err.h... -------------------- yes

"xcrun clang -I/System/Library/Frameworks/Ruby.framework/Versions/2.0/usr/include/ruby-2.0.0/universal-darwin16 -I/System/Library/Frameworks/Ruby.framework/Versions/2.0/usr/include/ruby-2.0.0/ruby/backward -I/System/Library/Frameworks/Ruby.framework/Versions/2.0/usr/include/ruby-2.0.0 -I. -I/usr/local/opt/openssl/include -I/opt/local/include -I/usr/local/include -D_XOPEN_SOURCE -D_DARWIN_C_SOURCE -D_DARWIN_UNLIMITED_SELECT -D_REENTRANT    -g -Os -pipe -DHAVE_GCC_SYNC_BUILTINS   -arch i386 -arch x86_64  -c conftest.c"
checked program was:
/* begin */
1: #include "ruby.h"
2: 
3: #include <openssl/err.h>
/* end */

--------------------

have_var: checking for rb_trap_immediate in ruby.h,rubysig.h... -------------------- no

"xcrun clang -I/System/Library/Frameworks/Ruby.framework/Versions/2.0/usr/include/ruby-2.0.0/universal-darwin16 -I/System/Library/Frameworks/Ruby.framework/Versions/2.0/usr/include/ruby-2.0.0/ruby/backward -I/System/Library/Frameworks/Ruby.framework/Versions/2.0/usr/include/ruby-2.0.0 -I. -I/usr/local/opt/openssl/include -I/opt/local/include -I/usr/local/include -D_XOPEN_SOURCE -D_DARWIN_C_SOURCE -D_DARWIN_UNLIMITED_SELECT -D_REENTRANT    -g -Os -pipe -DHAVE_GCC_SYNC_BUILTINS   -arch i386 -arch x86_64  -c conftest.c"
In file included from conftest.c:4:
/System/Library/Frameworks/Ruby.framework/Versions/2.0/usr/include/ruby-2.0.0/ruby/backward/rubysig.h:14:2: warning: rubysig.h is obsolete [-W#warnings]
#warning rubysig.h is obsolete
 ^
conftest.c:8:55: error: use of undeclared identifier 'rb_trap_immediate'; did you mean 'rb_trap_exit'?
int t(void) { const volatile void *volatile p; p = &(&rb_trap_immediate)[0]; return 0; }
                                                      ^~~~~~~~~~~~~~~~~
                                                      rb_trap_exit
/System/Library/Frameworks/Ruby.framework/Versions/2.0/usr/include/ruby-2.0.0/ruby/intern.h:662:6: note: 'rb_trap_exit' declared here
void rb_trap_exit(void);
     ^
conftest.c:8:53: error: subscript of pointer to function type 'void (void)'
int t(void) { const volatile void *volatile p; p = &(&rb_trap_immediate)[0]; return 0; }
                                                    ^~~~~~~~~~~~~~~~~~~~
1 warning and 2 errors generated.
checked program was:
/* begin */
 1: #include "ruby.h"
 2: 
 3: #include <ruby.h>
 4: #include <rubysig.h>
 5: 
 6: /*top*/
 7: extern int t(void);
 8: int t(void) { const volatile void *volatile p; p = &(&rb_trap_immediate)[0]; return 0; }
 9: int main(int argc, char **argv)
10: {
11:   if (argc > 1000000) {
12:     printf("%p", &t);
13:   }
14: 
15:   return 0;
16: }
/* end */

--------------------

have_func: checking for rb_thread_blocking_region()... -------------------- yes

"xcrun clang -o conftest -I/System/Library/Frameworks/Ruby.framework/Versions/2.0/usr/include/ruby-2.0.0/universal-darwin16 -I/System/Library/Frameworks/Ruby.framework/Versions/2.0/usr/include/ruby-2.0.0/ruby/backward -I/System/Library/Frameworks/Ruby.framework/Versions/2.0/usr/include/ruby-2.0.0 -I. -I/usr/local/opt/openssl/include -I/opt/local/include -I/usr/local/include -D_XOPEN_SOURCE -D_DARWIN_C_SOURCE -D_DARWIN_UNLIMITED_SELECT -D_REENTRANT    -g -Os -pipe -DHAVE_GCC_SYNC_BUILTINS  conftest.c  -L. -L/System/Library/Frameworks/Ruby.framework/Versions/2.0/usr/lib -L/usr/local/opt/openssl/lib -L/opt/local/lib -L/usr/local/lib -L. -L/usr/local/lib    -arch i386 -arch x86_64   -lssl -lcrypto -lz -lcrypto -lssl -lcrypto -lssl -lcrypto -lssl -lcrypto -lssl -lruby.2.0.0  -lssl -lcrypto -lz -lcrypto -lssl -lcrypto -lssl -lcrypto -lssl -lcrypto -lssl -lpthread -ldl -lobjc "
ld: warning: directory not found for option '-L/opt/local/lib'
ld: warning: ignoring file /usr/local/opt/openssl/lib/libssl.dylib, file was built for x86_64 which is not the architecture being linked (i386): /usr/local/opt/openssl/lib/libssl.dylib
ld: warning: ignoring file /usr/local/opt/openssl/lib/libcrypto.dylib, file was built for x86_64 which is not the architecture being linked (i386): /usr/local/opt/openssl/lib/libcrypto.dylib
ld: warning: directory not found for option '-L/opt/local/lib'
checked program was:
/* begin */
 1: #include "ruby.h"
 2: 
 3: /*top*/
 4: extern int t(void);
 5: int t(void) { void ((*volatile p)()); p = (void ((*)()))rb_thread_blocking_region; return 0; }
 6: int main(int argc, char **argv)
 7: {
 8:   if (argc > 1000000) {
 9:     printf("%p", &t);
10:   }
11: 
12:   return 0;
13: }
/* end */

--------------------

have_func: checking for rb_thread_call_without_gvl() in ruby/thread.h... -------------------- yes

"xcrun clang -o conftest -I/System/Library/Frameworks/Ruby.framework/Versions/2.0/usr/include/ruby-2.0.0/universal-darwin16 -I/System/Library/Frameworks/Ruby.framework/Versions/2.0/usr/include/ruby-2.0.0/ruby/backward -I/System/Library/Frameworks/Ruby.framework/Versions/2.0/usr/include/ruby-2.0.0 -I. -I/usr/local/opt/openssl/include -I/opt/local/include -I/usr/local/include -D_XOPEN_SOURCE -D_DARWIN_C_SOURCE -D_DARWIN_UNLIMITED_SELECT -D_REENTRANT    -g -Os -pipe -DHAVE_GCC_SYNC_BUILTINS  conftest.c  -L. -L/System/Library/Frameworks/Ruby.framework/Versions/2.0/usr/lib -L/usr/local/opt/openssl/lib -L/opt/local/lib -L/usr/local/lib -L. -L/usr/local/lib    -arch i386 -arch x86_64   -lssl -lcrypto -lz -lcrypto -lssl -lcrypto -lssl -lcrypto -lssl -lcrypto -lssl -lruby.2.0.0  -lssl -lcrypto -lz -lcrypto -lssl -lcrypto -lssl -lcrypto -lssl -lcrypto -lssl -lpthread -ldl -lobjc "
ld: warning: directory not found for option '-L/opt/local/lib'
ld: warning: ld: warning: ignoring file /usr/local/opt/openssl/lib/libssl.dylib, file was built for x86_64 which is not the architecture being linked (i386): /usr/local/opt/openssl/lib/libssl.dylibignoring file /usr/local/opt/openssl/lib/libcrypto.dylib, file was built for x86_64 which is not the architecture being linked (i386): /usr/local/opt/openssl/lib/libcrypto.dylib

ld: warning: directory not found for option '-L/opt/local/lib'
checked program was:
/* begin */
 1: #include "ruby.h"
 2: 
 3: #include <ruby/thread.h>
 4: 
 5: /*top*/
 6: extern int t(void);
 7: int t(void) { void ((*volatile p)()); p = (void ((*)()))rb_thread_call_without_gvl; return 0; }
 8: int main(int argc, char **argv)
 9: {
10:   if (argc > 1000000) {
11:     printf("%p", &t);
12:   }
13: 
14:   return 0;
15: }
/* end */

--------------------

have_func: checking for rb_thread_fd_select()... -------------------- yes

"xcrun clang -o conftest -I/System/Library/Frameworks/Ruby.framework/Versions/2.0/usr/include/ruby-2.0.0/universal-darwin16 -I/System/Library/Frameworks/Ruby.framework/Versions/2.0/usr/include/ruby-2.0.0/ruby/backward -I/System/Library/Frameworks/Ruby.framework/Versions/2.0/usr/include/ruby-2.0.0 -I. -I/usr/local/opt/openssl/include -I/opt/local/include -I/usr/local/include -D_XOPEN_SOURCE -D_DARWIN_C_SOURCE -D_DARWIN_UNLIMITED_SELECT -D_REENTRANT    -g -Os -pipe -DHAVE_GCC_SYNC_BUILTINS  conftest.c  -L. -L/System/Library/Frameworks/Ruby.framework/Versions/2.0/usr/lib -L/usr/local/opt/openssl/lib -L/opt/local/lib -L/usr/local/lib -L. -L/usr/local/lib    -arch i386 -arch x86_64   -lssl -lcrypto -lz -lcrypto -lssl -lcrypto -lssl -lcrypto -lssl -lcrypto -lssl -lruby.2.0.0  -lssl -lcrypto -lz -lcrypto -lssl -lcrypto -lssl -lcrypto -lssl -lcrypto -lssl -lpthread -ldl -lobjc "
ld: warning: directory not found for option '-L/opt/local/lib'
ld: warning: ld: warning: ignoring file /usr/local/opt/openssl/lib/libcrypto.dylib, file was built for x86_64 which is not the architecture being linked (i386): /usr/local/opt/openssl/lib/libcrypto.dylib
ignoring file /usr/local/opt/openssl/lib/libssl.dylib, file was built for x86_64 which is not the architecture being linked (i386): /usr/local/opt/openssl/lib/libssl.dylib
ld: warning: directory not found for option '-L/opt/local/lib'
checked program was:
/* begin */
 1: #include "ruby.h"
 2: 
 3: /*top*/
 4: extern int t(void);
 5: int t(void) { void ((*volatile p)()); p = (void ((*)()))rb_thread_fd_select; return 0; }
 6: int main(int argc, char **argv)
 7: {
 8:   if (argc > 1000000) {
 9:     printf("%p", &t);
10:   }
11: 
12:   return 0;
13: }
/* end */

--------------------

have_type: checking for rb_fdset_t in ruby/intern.h... -------------------- yes

"xcrun clang -I/System/Library/Frameworks/Ruby.framework/Versions/2.0/usr/include/ruby-2.0.0/universal-darwin16 -I/System/Library/Frameworks/Ruby.framework/Versions/2.0/usr/include/ruby-2.0.0/ruby/backward -I/System/Library/Frameworks/Ruby.framework/Versions/2.0/usr/include/ruby-2.0.0 -I. -I/usr/local/opt/openssl/include -I/opt/local/include -I/usr/local/include -D_XOPEN_SOURCE -D_DARWIN_C_SOURCE -D_DARWIN_UNLIMITED_SELECT -D_REENTRANT    -g -Os -pipe -DHAVE_GCC_SYNC_BUILTINS   -arch i386 -arch x86_64  -c conftest.c"
checked program was:
/* begin */
1: #include "ruby.h"
2: 
3: #include <ruby/intern.h>
4: 
5: /*top*/
6: typedef rb_fdset_t conftest_type;
7: int conftestval[sizeof(conftest_type)?1:-1];
/* end */

--------------------

have_func: checking for rb_wait_for_single_fd()... -------------------- yes

"xcrun clang -o conftest -I/System/Library/Frameworks/Ruby.framework/Versions/2.0/usr/include/ruby-2.0.0/universal-darwin16 -I/System/Library/Frameworks/Ruby.framework/Versions/2.0/usr/include/ruby-2.0.0/ruby/backward -I/System/Library/Frameworks/Ruby.framework/Versions/2.0/usr/include/ruby-2.0.0 -I. -I/usr/local/opt/openssl/include -I/opt/local/include -I/usr/local/include -D_XOPEN_SOURCE -D_DARWIN_C_SOURCE -D_DARWIN_UNLIMITED_SELECT -D_REENTRANT    -g -Os -pipe -DHAVE_GCC_SYNC_BUILTINS  conftest.c  -L. -L/System/Library/Frameworks/Ruby.framework/Versions/2.0/usr/lib -L/usr/local/opt/openssl/lib -L/opt/local/lib -L/usr/local/lib -L. -L/usr/local/lib    -arch i386 -arch x86_64   -lssl -lcrypto -lz -lcrypto -lssl -lcrypto -lssl -lcrypto -lssl -lcrypto -lssl -lruby.2.0.0  -lssl -lcrypto -lz -lcrypto -lssl -lcrypto -lssl -lcrypto -lssl -lcrypto -lssl -lpthread -ldl -lobjc "
conftest.c:5:57: error: use of undeclared identifier 'rb_wait_for_single_fd'
int t(void) { void ((*volatile p)()); p = (void ((*)()))rb_wait_for_single_fd; return 0; }
                                                        ^
1 error generated.
checked program was:
/* begin */
 1: #include "ruby.h"
 2: 
 3: /*top*/
 4: extern int t(void);
 5: int t(void) { void ((*volatile p)()); p = (void ((*)()))rb_wait_for_single_fd; return 0; }
 6: int main(int argc, char **argv)
 7: {
 8:   if (argc > 1000000) {
 9:     printf("%p", &t);
10:   }
11: 
12:   return 0;
13: }
/* end */

"xcrun clang -o conftest -I/System/Library/Frameworks/Ruby.framework/Versions/2.0/usr/include/ruby-2.0.0/universal-darwin16 -I/System/Library/Frameworks/Ruby.framework/Versions/2.0/usr/include/ruby-2.0.0/ruby/backward -I/System/Library/Frameworks/Ruby.framework/Versions/2.0/usr/include/ruby-2.0.0 -I. -I/usr/local/opt/openssl/include -I/opt/local/include -I/usr/local/include -D_XOPEN_SOURCE -D_DARWIN_C_SOURCE -D_DARWIN_UNLIMITED_SELECT -D_REENTRANT    -g -Os -pipe -DHAVE_GCC_SYNC_BUILTINS  conftest.c  -L. -L/System/Library/Frameworks/Ruby.framework/Versions/2.0/usr/lib -L/usr/local/opt/openssl/lib -L/opt/local/lib -L/usr/local/lib -L. -L/usr/local/lib    -arch i386 -arch x86_64   -lssl -lcrypto -lz -lcrypto -lssl -lcrypto -lssl -lcrypto -lssl -lcrypto -lssl -lruby.2.0.0  -lssl -lcrypto -lz -lcrypto -lssl -lcrypto -lssl -lcrypto -lssl -lcrypto -lssl -lpthread -ldl -lobjc "
conftest.c:5:15: warning: implicit declaration of function 'rb_wait_for_single_fd' is invalid in C99 [-Wimplicit-function-declaration]
int t(void) { rb_wait_for_single_fd(); return 0; }
              ^
1 warning generated.
ld: warning: directory not found for option '-L/opt/local/lib'
ld: warning: ld: warning: ignoring file /usr/local/opt/openssl/lib/libssl.dylib, file was built for x86_64 which is not the architecture being linked (i386): /usr/local/opt/openssl/lib/libssl.dylibignoring file /usr/local/opt/openssl/lib/libcrypto.dylib, file was built for x86_64 which is not the architecture being linked (i386): /usr/local/opt/openssl/lib/libcrypto.dylib

conftest.c:5:15: warning: implicit declaration of function 'rb_wait_for_single_fd' is invalid in C99 [-Wimplicit-function-declaration]
int t(void) { rb_wait_for_single_fd(); return 0; }
              ^
1 warning generated.
ld: warning: directory not found for option '-L/opt/local/lib'
checked program was:
/* begin */
 1: #include "ruby.h"
 2: 
 3: /*top*/
 4: extern int t(void);
 5: int t(void) { rb_wait_for_single_fd(); return 0; }
 6: int main(int argc, char **argv)
 7: {
 8:   if (argc > 1000000) {
 9:     printf("%p", &t);
10:   }
11: 
12:   return 0;
13: }
/* end */

--------------------

have_func: checking for rb_enable_interrupt()... -------------------- no

"xcrun clang -o conftest -I/System/Library/Frameworks/Ruby.framework/Versions/2.0/usr/include/ruby-2.0.0/universal-darwin16 -I/System/Library/Frameworks/Ruby.framework/Versions/2.0/usr/include/ruby-2.0.0/ruby/backward -I/System/Library/Frameworks/Ruby.framework/Versions/2.0/usr/include/ruby-2.0.0 -I. -I/usr/local/opt/openssl/include -I/opt/local/include -I/usr/local/include -D_XOPEN_SOURCE -D_DARWIN_C_SOURCE -D_DARWIN_UNLIMITED_SELECT -D_REENTRANT    -g -Os -pipe -DHAVE_GCC_SYNC_BUILTINS  conftest.c  -L. -L/System/Library/Frameworks/Ruby.framework/Versions/2.0/usr/lib -L/usr/local/opt/openssl/lib -L/opt/local/lib -L/usr/local/lib -L. -L/usr/local/lib    -arch i386 -arch x86_64   -lssl -lcrypto -lz -lcrypto -lssl -lcrypto -lssl -lcrypto -lssl -lcrypto -lssl -lruby.2.0.0  -lssl -lcrypto -lz -lcrypto -lssl -lcrypto -lssl -lcrypto -lssl -lcrypto -lssl -lpthread -ldl -lobjc "
conftest.c:5:57: error: use of undeclared identifier 'rb_enable_interrupt'
int t(void) { void ((*volatile p)()); p = (void ((*)()))rb_enable_interrupt; return 0; }
                                                        ^
1 error generated.
checked program was:
/* begin */
 1: #include "ruby.h"
 2: 
 3: /*top*/
 4: extern int t(void);
 5: int t(void) { void ((*volatile p)()); p = (void ((*)()))rb_enable_interrupt; return 0; }
 6: int main(int argc, char **argv)
 7: {
 8:   if (argc > 1000000) {
 9:     printf("%p", &t);
10:   }
11: 
12:   return 0;
13: }
/* end */

"xcrun clang -o conftest -I/System/Library/Frameworks/Ruby.framework/Versions/2.0/usr/include/ruby-2.0.0/universal-darwin16 -I/System/Library/Frameworks/Ruby.framework/Versions/2.0/usr/include/ruby-2.0.0/ruby/backward -I/System/Library/Frameworks/Ruby.framework/Versions/2.0/usr/include/ruby-2.0.0 -I. -I/usr/local/opt/openssl/include -I/opt/local/include -I/usr/local/include -D_XOPEN_SOURCE -D_DARWIN_C_SOURCE -D_DARWIN_UNLIMITED_SELECT -D_REENTRANT    -g -Os -pipe -DHAVE_GCC_SYNC_BUILTINS  conftest.c  -L. -L/System/Library/Frameworks/Ruby.framework/Versions/2.0/usr/lib -L/usr/local/opt/openssl/lib -L/opt/local/lib -L/usr/local/lib -L. -L/usr/local/lib    -arch i386 -arch x86_64   -lssl -lcrypto -lz -lcrypto -lssl -lcrypto -lssl -lcrypto -lssl -lcrypto -lssl -lruby.2.0.0  -lssl -lcrypto -lz -lcrypto -lssl -lcrypto -lssl -lcrypto -lssl -lcrypto -lssl -lpthread -ldl -lobjc "
conftest.c:5:15: warning: implicit declaration of function 'rb_enable_interrupt' is invalid in C99 [-Wimplicit-function-declaration]
int t(void) { rb_enable_interrupt(); return 0; }
              ^
1 warning generated.
ld: warning: directory not found for option '-L/opt/local/lib'
ld: warning: ld: warning: ignoring file /usr/local/opt/openssl/lib/libcrypto.dylib, file was built for x86_64 which is not the architecture being linked (i386): /usr/local/opt/openssl/lib/libcrypto.dylibignoring file /usr/local/opt/openssl/lib/libssl.dylib, file was built for x86_64 which is not the architecture being linked (i386): /usr/local/opt/openssl/lib/libssl.dylib

Undefined symbols for architecture i386:
  "_rb_enable_interrupt", referenced from:
      _t in conftest-c10077.o
ld: symbol(s) not found for architecture i386
clang: error: linker command failed with exit code 1 (use -v to see invocation)
checked program was:
/* begin */
 1: #include "ruby.h"
 2: 
 3: /*top*/
 4: extern int t(void);
 5: int t(void) { rb_enable_interrupt(); return 0; }
 6: int main(int argc, char **argv)
 7: {
 8:   if (argc > 1000000) {
 9:     printf("%p", &t);
10:   }
11: 
12:   return 0;
13: }
/* end */

--------------------

have_func: checking for rb_time_new()... -------------------- yes

"xcrun clang -o conftest -I/System/Library/Frameworks/Ruby.framework/Versions/2.0/usr/include/ruby-2.0.0/universal-darwin16 -I/System/Library/Frameworks/Ruby.framework/Versions/2.0/usr/include/ruby-2.0.0/ruby/backward -I/System/Library/Frameworks/Ruby.framework/Versions/2.0/usr/include/ruby-2.0.0 -I. -I/usr/local/opt/openssl/include -I/opt/local/include -I/usr/local/include -D_XOPEN_SOURCE -D_DARWIN_C_SOURCE -D_DARWIN_UNLIMITED_SELECT -D_REENTRANT    -g -Os -pipe -DHAVE_GCC_SYNC_BUILTINS  conftest.c  -L. -L/System/Library/Frameworks/Ruby.framework/Versions/2.0/usr/lib -L/usr/local/opt/openssl/lib -L/opt/local/lib -L/usr/local/lib -L. -L/usr/local/lib    -arch i386 -arch x86_64   -lssl -lcrypto -lz -lcrypto -lssl -lcrypto -lssl -lcrypto -lssl -lcrypto -lssl -lruby.2.0.0  -lssl -lcrypto -lz -lcrypto -lssl -lcrypto -lssl -lcrypto -lssl -lcrypto -lssl -lpthread -ldl -lobjc "
ld: warning: directory not found for option '-L/opt/local/lib'
ld: warning: ld: warning: ignoring file /usr/local/opt/openssl/lib/libcrypto.dylib, file was built for x86_64 which is not the architecture being linked (i386): /usr/local/opt/openssl/lib/libcrypto.dylibignoring file /usr/local/opt/openssl/lib/libssl.dylib, file was built for x86_64 which is not the architecture being linked (i386): /usr/local/opt/openssl/lib/libssl.dylib

ld: warning: directory not found for option '-L/opt/local/lib'
checked program was:
/* begin */
 1: #include "ruby.h"
 2: 
 3: /*top*/
 4: extern int t(void);
 5: int t(void) { void ((*volatile p)()); p = (void ((*)()))rb_time_new; return 0; }
 6: int main(int argc, char **argv)
 7: {
 8:   if (argc > 1000000) {
 9:     printf("%p", &t);
10:   }
11: 
12:   return 0;
13: }
/* end */

--------------------

have_func: checking for inotify_init() in sys/inotify.h... -------------------- no

"xcrun clang -o conftest -I/System/Library/Frameworks/Ruby.framework/Versions/2.0/usr/include/ruby-2.0.0/universal-darwin16 -I/System/Library/Frameworks/Ruby.framework/Versions/2.0/usr/include/ruby-2.0.0/ruby/backward -I/System/Library/Frameworks/Ruby.framework/Versions/2.0/usr/include/ruby-2.0.0 -I. -I/usr/local/opt/openssl/include -I/opt/local/include -I/usr/local/include -D_XOPEN_SOURCE -D_DARWIN_C_SOURCE -D_DARWIN_UNLIMITED_SELECT -D_REENTRANT    -g -Os -pipe -DHAVE_GCC_SYNC_BUILTINS  conftest.c  -L. -L/System/Library/Frameworks/Ruby.framework/Versions/2.0/usr/lib -L/usr/local/opt/openssl/lib -L/opt/local/lib -L/usr/local/lib -L. -L/usr/local/lib    -arch i386 -arch x86_64   -lssl -lcrypto -lz -lcrypto -lssl -lcrypto -lssl -lcrypto -lssl -lcrypto -lssl -lruby.2.0.0  -lssl -lcrypto -lz -lcrypto -lssl -lcrypto -lssl -lcrypto -lssl -lcrypto -lssl -lpthread -ldl -lobjc "
conftest.c:3:10: fatal error: 'sys/inotify.h' file not found
#include <sys/inotify.h>
         ^
1 error generated.
checked program was:
/* begin */
 1: #include "ruby.h"
 2: 
 3: #include <sys/inotify.h>
 4: 
 5: /*top*/
 6: extern int t(void);
 7: int t(void) { void ((*volatile p)()); p = (void ((*)()))inotify_init; return 0; }
 8: int main(int argc, char **argv)
 9: {
10:   if (argc > 1000000) {
11:     printf("%p", &t);
12:   }
13: 
14:   return 0;
15: }
/* end */

"xcrun clang -o conftest -I/System/Library/Frameworks/Ruby.framework/Versions/2.0/usr/include/ruby-2.0.0/universal-darwin16 -I/System/Library/Frameworks/Ruby.framework/Versions/2.0/usr/include/ruby-2.0.0/ruby/backward -I/System/Library/Frameworks/Ruby.framework/Versions/2.0/usr/include/ruby-2.0.0 -I. -I/usr/local/opt/openssl/include -I/opt/local/include -I/usr/local/include -D_XOPEN_SOURCE -D_DARWIN_C_SOURCE -D_DARWIN_UNLIMITED_SELECT -D_REENTRANT    -g -Os -pipe -DHAVE_GCC_SYNC_BUILTINS  conftest.c  -L. -L/System/Library/Frameworks/Ruby.framework/Versions/2.0/usr/lib -L/usr/local/opt/openssl/lib -L/opt/local/lib -L/usr/local/lib -L. -L/usr/local/lib    -arch i386 -arch x86_64   -lssl -lcrypto -lz -lcrypto -lssl -lcrypto -lssl -lcrypto -lssl -lcrypto -lssl -lruby.2.0.0  -lssl -lcrypto -lz -lcrypto -lssl -lcrypto -lssl -lcrypto -lssl -lcrypto -lssl -lpthread -ldl -lobjc "
conftest.c:3:10: fatal error: 'sys/inotify.h' file not found
#include <sys/inotify.h>
         ^
1 error generated.
checked program was:
/* begin */
 1: #include "ruby.h"
 2: 
 3: #include <sys/inotify.h>
 4: 
 5: /*top*/
 6: extern int t(void);
 7: int t(void) { inotify_init(); return 0; }
 8: int main(int argc, char **argv)
 9: {
10:   if (argc > 1000000) {
11:     printf("%p", &t);
12:   }
13: 
14:   return 0;
15: }
/* end */

--------------------

have_macro: checking for __NR_inotify_init in sys/syscall.h... -------------------- no

"xcrun clang -I/System/Library/Frameworks/Ruby.framework/Versions/2.0/usr/include/ruby-2.0.0/universal-darwin16 -I/System/Library/Frameworks/Ruby.framework/Versions/2.0/usr/include/ruby-2.0.0/ruby/backward -I/System/Library/Frameworks/Ruby.framework/Versions/2.0/usr/include/ruby-2.0.0 -I. -I/usr/local/opt/openssl/include -I/opt/local/include -I/usr/local/include -D_XOPEN_SOURCE -D_DARWIN_C_SOURCE -D_DARWIN_UNLIMITED_SELECT -D_REENTRANT    -g -Os -pipe -DHAVE_GCC_SYNC_BUILTINS   -arch i386 -arch x86_64  -c conftest.c"
conftest.c:6:3: error: 
# error
  ^
conftest.c:7:1: error: expected identifier or '('
|:/ === __NR_inotify_init undefined === /:|
^
2 errors generated.
checked program was:
/* begin */
1: #include "ruby.h"
2: 
3: #include <sys/syscall.h>
4: /*top*/
5: #ifndef __NR_inotify_init
6: # error
7: |:/ === __NR_inotify_init undefined === /:|
8: #endif
/* end */

--------------------

have_func: checking for writev() in sys/uio.h... -------------------- yes

"xcrun clang -o conftest -I/System/Library/Frameworks/Ruby.framework/Versions/2.0/usr/include/ruby-2.0.0/universal-darwin16 -I/System/Library/Frameworks/Ruby.framework/Versions/2.0/usr/include/ruby-2.0.0/ruby/backward -I/System/Library/Frameworks/Ruby.framework/Versions/2.0/usr/include/ruby-2.0.0 -I. -I/usr/local/opt/openssl/include -I/opt/local/include -I/usr/local/include -D_XOPEN_SOURCE -D_DARWIN_C_SOURCE -D_DARWIN_UNLIMITED_SELECT -D_REENTRANT    -g -Os -pipe -DHAVE_GCC_SYNC_BUILTINS  conftest.c  -L. -L/System/Library/Frameworks/Ruby.framework/Versions/2.0/usr/lib -L/usr/local/opt/openssl/lib -L/opt/local/lib -L/usr/local/lib -L. -L/usr/local/lib    -arch i386 -arch x86_64   -lssl -lcrypto -lz -lcrypto -lssl -lcrypto -lssl -lcrypto -lssl -lcrypto -lssl -lruby.2.0.0  -lssl -lcrypto -lz -lcrypto -lssl -lcrypto -lssl -lcrypto -lssl -lcrypto -lssl -lpthread -ldl -lobjc "
ld: warning: directory not found for option '-L/opt/local/lib'
ld: warning: ld: warning: ignoring file /usr/local/opt/openssl/lib/libssl.dylib, file was built for x86_64 which is not the architecture being linked (i386): /usr/local/opt/openssl/lib/libssl.dylibignoring file /usr/local/opt/openssl/lib/libcrypto.dylib, file was built for x86_64 which is not the architecture being linked (i386): /usr/local/opt/openssl/lib/libcrypto.dylib

ld: warning: directory not found for option '-L/opt/local/lib'
checked program was:
/* begin */
 1: #include "ruby.h"
 2: 
 3: #include <sys/uio.h>
 4: 
 5: /*top*/
 6: extern int t(void);
 7: int t(void) { void ((*volatile p)()); p = (void ((*)()))writev; return 0; }
 8: int main(int argc, char **argv)
 9: {
10:   if (argc > 1000000) {
11:     printf("%p", &t);
12:   }
13: 
14:   return 0;
15: }
/* end */

--------------------

have_func: checking for pipe2() in unistd.h... -------------------- no

"xcrun clang -o conftest -I/System/Library/Frameworks/Ruby.framework/Versions/2.0/usr/include/ruby-2.0.0/universal-darwin16 -I/System/Library/Frameworks/Ruby.framework/Versions/2.0/usr/include/ruby-2.0.0/ruby/backward -I/System/Library/Frameworks/Ruby.framework/Versions/2.0/usr/include/ruby-2.0.0 -I. -I/usr/local/opt/openssl/include -I/opt/local/include -I/usr/local/include -D_XOPEN_SOURCE -D_DARWIN_C_SOURCE -D_DARWIN_UNLIMITED_SELECT -D_REENTRANT    -g -Os -pipe -DHAVE_GCC_SYNC_BUILTINS  conftest.c  -L. -L/System/Library/Frameworks/Ruby.framework/Versions/2.0/usr/lib -L/usr/local/opt/openssl/lib -L/opt/local/lib -L/usr/local/lib -L. -L/usr/local/lib    -arch i386 -arch x86_64   -lssl -lcrypto -lz -lcrypto -lssl -lcrypto -lssl -lcrypto -lssl -lcrypto -lssl -lruby.2.0.0  -lssl -lcrypto -lz -lcrypto -lssl -lcrypto -lssl -lcrypto -lssl -lcrypto -lssl -lpthread -ldl -lobjc "
conftest.c:7:57: error: use of undeclared identifier 'pipe2'
int t(void) { void ((*volatile p)()); p = (void ((*)()))pipe2; return 0; }
                                                        ^
1 error generated.
checked program was:
/* begin */
 1: #include "ruby.h"
 2: 
 3: #include <unistd.h>
 4: 
 5: /*top*/
 6: extern int t(void);
 7: int t(void) { void ((*volatile p)()); p = (void ((*)()))pipe2; return 0; }
 8: int main(int argc, char **argv)
 9: {
10:   if (argc > 1000000) {
11:     printf("%p", &t);
12:   }
13: 
14:   return 0;
15: }
/* end */

"xcrun clang -o conftest -I/System/Library/Frameworks/Ruby.framework/Versions/2.0/usr/include/ruby-2.0.0/universal-darwin16 -I/System/Library/Frameworks/Ruby.framework/Versions/2.0/usr/include/ruby-2.0.0/ruby/backward -I/System/Library/Frameworks/Ruby.framework/Versions/2.0/usr/include/ruby-2.0.0 -I. -I/usr/local/opt/openssl/include -I/opt/local/include -I/usr/local/include -D_XOPEN_SOURCE -D_DARWIN_C_SOURCE -D_DARWIN_UNLIMITED_SELECT -D_REENTRANT    -g -Os -pipe -DHAVE_GCC_SYNC_BUILTINS  conftest.c  -L. -L/System/Library/Frameworks/Ruby.framework/Versions/2.0/usr/lib -L/usr/local/opt/openssl/lib -L/opt/local/lib -L/usr/local/lib -L. -L/usr/local/lib    -arch i386 -arch x86_64   -lssl -lcrypto -lz -lcrypto -lssl -lcrypto -lssl -lcrypto -lssl -lcrypto -lssl -lruby.2.0.0  -lssl -lcrypto -lz -lcrypto -lssl -lcrypto -lssl -lcrypto -lssl -lcrypto -lssl -lpthread -ldl -lobjc "
conftest.c:7:15: warning: implicit declaration of function 'pipe2' is invalid in C99 [-Wimplicit-function-declaration]
int t(void) { pipe2(); return 0; }
              ^
1 warning generated.
ld: warning: directory not found for option '-L/opt/local/lib'
ld: warning: ld: warning: ignoring file /usr/local/opt/openssl/lib/libcrypto.dylib, file was built for x86_64 which is not the architecture being linked (i386): /usr/local/opt/openssl/lib/libcrypto.dylibignoring file /usr/local/opt/openssl/lib/libssl.dylib, file was built for x86_64 which is not the architecture being linked (i386): /usr/local/opt/openssl/lib/libssl.dylib

Undefined symbols for architecture i386:
  "_pipe2", referenced from:
      _t in conftest-cee58b.o
ld: symbol(s) not found for architecture i386
clang: error: linker command failed with exit code 1 (use -v to see invocation)
checked program was:
/* begin */
 1: #include "ruby.h"
 2: 
 3: #include <unistd.h>
 4: 
 5: /*top*/
 6: extern int t(void);
 7: int t(void) { pipe2(); return 0; }
 8: int main(int argc, char **argv)
 9: {
10:   if (argc > 1000000) {
11:     printf("%p", &t);
12:   }
13: 
14:   return 0;
15: }
/* end */

--------------------

have_func: checking for accept4() in sys/socket.h... -------------------- no

"xcrun clang -o conftest -I/System/Library/Frameworks/Ruby.framework/Versions/2.0/usr/include/ruby-2.0.0/universal-darwin16 -I/System/Library/Frameworks/Ruby.framework/Versions/2.0/usr/include/ruby-2.0.0/ruby/backward -I/System/Library/Frameworks/Ruby.framework/Versions/2.0/usr/include/ruby-2.0.0 -I. -I/usr/local/opt/openssl/include -I/opt/local/include -I/usr/local/include -D_XOPEN_SOURCE -D_DARWIN_C_SOURCE -D_DARWIN_UNLIMITED_SELECT -D_REENTRANT    -g -Os -pipe -DHAVE_GCC_SYNC_BUILTINS  conftest.c  -L. -L/System/Library/Frameworks/Ruby.framework/Versions/2.0/usr/lib -L/usr/local/opt/openssl/lib -L/opt/local/lib -L/usr/local/lib -L. -L/usr/local/lib    -arch i386 -arch x86_64   -lssl -lcrypto -lz -lcrypto -lssl -lcrypto -lssl -lcrypto -lssl -lcrypto -lssl -lruby.2.0.0  -lssl -lcrypto -lz -lcrypto -lssl -lcrypto -lssl -lcrypto -lssl -lcrypto -lssl -lpthread -ldl -lobjc "
conftest.c:7:57: error: use of undeclared identifier 'accept4'
int t(void) { void ((*volatile p)()); p = (void ((*)()))accept4; return 0; }
                                                        ^
1 error generated.
checked program was:
/* begin */
 1: #include "ruby.h"
 2: 
 3: #include <sys/socket.h>
 4: 
 5: /*top*/
 6: extern int t(void);
 7: int t(void) { void ((*volatile p)()); p = (void ((*)()))accept4; return 0; }
 8: int main(int argc, char **argv)
 9: {
10:   if (argc > 1000000) {
11:     printf("%p", &t);
12:   }
13: 
14:   return 0;
15: }
/* end */

"xcrun clang -o conftest -I/System/Library/Frameworks/Ruby.framework/Versions/2.0/usr/include/ruby-2.0.0/universal-darwin16 -I/System/Library/Frameworks/Ruby.framework/Versions/2.0/usr/include/ruby-2.0.0/ruby/backward -I/System/Library/Frameworks/Ruby.framework/Versions/2.0/usr/include/ruby-2.0.0 -I. -I/usr/local/opt/openssl/include -I/opt/local/include -I/usr/local/include -D_XOPEN_SOURCE -D_DARWIN_C_SOURCE -D_DARWIN_UNLIMITED_SELECT -D_REENTRANT    -g -Os -pipe -DHAVE_GCC_SYNC_BUILTINS  conftest.c  -L. -L/System/Library/Frameworks/Ruby.framework/Versions/2.0/usr/lib -L/usr/local/opt/openssl/lib -L/opt/local/lib -L/usr/local/lib -L. -L/usr/local/lib    -arch i386 -arch x86_64   -lssl -lcrypto -lz -lcrypto -lssl -lcrypto -lssl -lcrypto -lssl -lcrypto -lssl -lruby.2.0.0  -lssl -lcrypto -lz -lcrypto -lssl -lcrypto -lssl -lcrypto -lssl -lcrypto -lssl -lpthread -ldl -lobjc "
conftest.c:7:15: warning: implicit declaration of function 'accept4' is invalid in C99 [-Wimplicit-function-declaration]
int t(void) { accept4(); return 0; }
              ^
1 warning generated.
ld: warning: directory not found for option '-L/opt/local/lib'
ld: warning: ld: warning: ignoring file /usr/local/opt/openssl/lib/libssl.dylib, file was built for x86_64 which is not the architecture being linked (i386): /usr/local/opt/openssl/lib/libssl.dylibignoring file /usr/local/opt/openssl/lib/libcrypto.dylib, file was built for x86_64 which is not the architecture being linked (i386): /usr/local/opt/openssl/lib/libcrypto.dylib

Undefined symbols for architecture i386:
  "_accept4", referenced from:
      _t in conftest-58d393.o
ld: symbol(s) not found for architecture i386
clang: error: linker command failed with exit code 1 (use -v to see invocation)
checked program was:
/* begin */
 1: #include "ruby.h"
 2: 
 3: #include <sys/socket.h>
 4: 
 5: /*top*/
 6: extern int t(void);
 7: int t(void) { accept4(); return 0; }
 8: int main(int argc, char **argv)
 9: {
10:   if (argc > 1000000) {
11:     printf("%p", &t);
12:   }
13: 
14:   return 0;
15: }
/* end */

--------------------

have_const: checking for SOCK_CLOEXEC in sys/socket.h... -------------------- no

"xcrun clang -I/System/Library/Frameworks/Ruby.framework/Versions/2.0/usr/include/ruby-2.0.0/universal-darwin16 -I/System/Library/Frameworks/Ruby.framework/Versions/2.0/usr/include/ruby-2.0.0/ruby/backward -I/System/Library/Frameworks/Ruby.framework/Versions/2.0/usr/include/ruby-2.0.0 -I. -I/usr/local/opt/openssl/include -I/opt/local/include -I/usr/local/include -D_XOPEN_SOURCE -D_DARWIN_C_SOURCE -D_DARWIN_UNLIMITED_SELECT -D_REENTRANT    -g -Os -pipe -DHAVE_GCC_SYNC_BUILTINS   -arch i386 -arch x86_64  -c conftest.c"
conftest.c:7:34: error: use of undeclared identifier 'SOCK_CLOEXEC'
conftest_type conftestval = (int)SOCK_CLOEXEC;
                                 ^
1 error generated.
checked program was:
/* begin */
1: #include "ruby.h"
2: 
3: #include <sys/socket.h>
4: 
5: /*top*/
6: typedef int conftest_type;
7: conftest_type conftestval = (int)SOCK_CLOEXEC;
/* end */

--------------------

have_header: checking for sys/event.h... -------------------- yes

"xcrun clang -I/System/Library/Frameworks/Ruby.framework/Versions/2.0/usr/include/ruby-2.0.0/universal-darwin16 -I/System/Library/Frameworks/Ruby.framework/Versions/2.0/usr/include/ruby-2.0.0/ruby/backward -I/System/Library/Frameworks/Ruby.framework/Versions/2.0/usr/include/ruby-2.0.0 -I. -I/usr/local/opt/openssl/include -I/opt/local/include -I/usr/local/include -D_XOPEN_SOURCE -D_DARWIN_C_SOURCE -D_DARWIN_UNLIMITED_SELECT -D_REENTRANT    -g -Os -pipe -DHAVE_GCC_SYNC_BUILTINS   -arch i386 -arch x86_64  -c conftest.c"
checked program was:
/* begin */
1: #include "ruby.h"
2: 
3: #include <sys/event.h>
/* end */

--------------------

have_header: checking for sys/queue.h... -------------------- yes

"xcrun clang -I/System/Library/Frameworks/Ruby.framework/Versions/2.0/usr/include/ruby-2.0.0/universal-darwin16 -I/System/Library/Frameworks/Ruby.framework/Versions/2.0/usr/include/ruby-2.0.0/ruby/backward -I/System/Library/Frameworks/Ruby.framework/Versions/2.0/usr/include/ruby-2.0.0 -I. -I/usr/local/opt/openssl/include -I/opt/local/include -I/usr/local/include -D_XOPEN_SOURCE -D_DARWIN_C_SOURCE -D_DARWIN_UNLIMITED_SELECT -D_REENTRANT    -g -Os -pipe -DHAVE_GCC_SYNC_BUILTINS   -arch i386 -arch x86_64  -c conftest.c"
checked program was:
/* begin */
1: #include "ruby.h"
2: 
3: #include <sys/queue.h>
/* end */

--------------------

have_func: checking for clock_gettime()... -------------------- yes

"xcrun clang -o conftest -I/System/Library/Frameworks/Ruby.framework/Versions/2.0/usr/include/ruby-2.0.0/universal-darwin16 -I/System/Library/Frameworks/Ruby.framework/Versions/2.0/usr/include/ruby-2.0.0/ruby/backward -I/System/Library/Frameworks/Ruby.framework/Versions/2.0/usr/include/ruby-2.0.0 -I. -I/usr/local/opt/openssl/include -I/opt/local/include -I/usr/local/include -D_XOPEN_SOURCE -D_DARWIN_C_SOURCE -D_DARWIN_UNLIMITED_SELECT -D_REENTRANT    -g -Os -pipe -DHAVE_GCC_SYNC_BUILTINS  conftest.c  -L. -L/System/Library/Frameworks/Ruby.framework/Versions/2.0/usr/lib -L/usr/local/opt/openssl/lib -L/opt/local/lib -L/usr/local/lib -L. -L/usr/local/lib    -arch i386 -arch x86_64   -lssl -lcrypto -lz -lcrypto -lssl -lcrypto -lssl -lcrypto -lssl -lcrypto -lssl -lruby.2.0.0  -lssl -lcrypto -lz -lcrypto -lssl -lcrypto -lssl -lcrypto -lssl -lcrypto -lssl -lpthread -ldl -lobjc "
ld: warning: directory not found for option '-L/opt/local/lib'
ld: warning: ld: warning: ignoring file /usr/local/opt/openssl/lib/libssl.dylib, file was built for x86_64 which is not the architecture being linked (i386): /usr/local/opt/openssl/lib/libssl.dylibignoring file /usr/local/opt/openssl/lib/libcrypto.dylib, file was built for x86_64 which is not the architecture being linked (i386): /usr/local/opt/openssl/lib/libcrypto.dylib

ld: warning: directory not found for option '-L/opt/local/lib'
checked program was:
/* begin */
 1: #include "ruby.h"
 2: 
 3: /*top*/
 4: extern int t(void);
 5: int t(void) { void ((*volatile p)()); p = (void ((*)()))clock_gettime; return 0; }
 6: int main(int argc, char **argv)
 7: {
 8:   if (argc > 1000000) {
 9:     printf("%p", &t);
10:   }
11: 
12:   return 0;
13: }
/* end */

--------------------

have_const: checking for CLOCK_MONOTONIC_RAW in time.h... -------------------- yes

"xcrun clang -I/System/Library/Frameworks/Ruby.framework/Versions/2.0/usr/include/ruby-2.0.0/universal-darwin16 -I/System/Library/Frameworks/Ruby.framework/Versions/2.0/usr/include/ruby-2.0.0/ruby/backward -I/System/Library/Frameworks/Ruby.framework/Versions/2.0/usr/include/ruby-2.0.0 -I. -I/usr/local/opt/openssl/include -I/opt/local/include -I/usr/local/include -D_XOPEN_SOURCE -D_DARWIN_C_SOURCE -D_DARWIN_UNLIMITED_SELECT -D_REENTRANT    -g -Os -pipe -DHAVE_GCC_SYNC_BUILTINS   -arch i386 -arch x86_64  -c conftest.c"
checked program was:
/* begin */
1: #include "ruby.h"
2: 
3: #include <time.h>
4: 
5: /*top*/
6: typedef int conftest_type;
7: conftest_type conftestval = (int)CLOCK_MONOTONIC_RAW;
/* end */

--------------------

have_const: checking for CLOCK_MONOTONIC in time.h... -------------------- yes

"xcrun clang -I/System/Library/Frameworks/Ruby.framework/Versions/2.0/usr/include/ruby-2.0.0/universal-darwin16 -I/System/Library/Frameworks/Ruby.framework/Versions/2.0/usr/include/ruby-2.0.0/ruby/backward -I/System/Library/Frameworks/Ruby.framework/Versions/2.0/usr/include/ruby-2.0.0 -I. -I/usr/local/opt/openssl/include -I/opt/local/include -I/usr/local/include -D_XOPEN_SOURCE -D_DARWIN_C_SOURCE -D_DARWIN_UNLIMITED_SELECT -D_REENTRANT    -g -Os -pipe -DHAVE_GCC_SYNC_BUILTINS   -arch i386 -arch x86_64  -c conftest.c"
checked program was:
/* begin */
1: #include "ruby.h"
2: 
3: #include <time.h>
4: 
5: /*top*/
6: typedef int conftest_type;
7: conftest_type conftestval = (int)CLOCK_MONOTONIC;
/* end */

--------------------

"xcrun clang++ -o conftest -I/System/Library/Frameworks/Ruby.framework/Versions/2.0/usr/include/ruby-2.0.0/universal-darwin16 -I/System/Library/Frameworks/Ruby.framework/Versions/2.0/usr/include/ruby-2.0.0/ruby/backward -I/System/Library/Frameworks/Ruby.framework/Versions/2.0/usr/include/ruby-2.0.0 -I. -I/usr/local/opt/openssl/include -I/opt/local/include -I/usr/local/include -D_XOPEN_SOURCE -D_DARWIN_C_SOURCE -D_DARWIN_UNLIMITED_SELECT -D_REENTRANT    -g -Os -pipe -DHAVE_GCC_SYNC_BUILTINS  conftest.c  -L. -L/System/Library/Frameworks/Ruby.framework/Versions/2.0/usr/lib -L/usr/local/opt/openssl/lib -L/opt/local/lib -L/usr/local/lib -L. -L/usr/local/lib    -arch i386 -arch x86_64   -lssl -lcrypto -lz -lcrypto -lssl -lcrypto -lssl -lcrypto -lssl -lcrypto -lssl -lruby.2.0.0 -Wall -lpthread -ldl -lobjc "
clang: warning: treating 'c' input as 'c++' when in C++ mode, this behavior is deprecated [-Wdeprecated]
ld: warning: directory not found for option '-L/opt/local/lib'
ld: warning: ld: warning: ignoring file /usr/local/opt/openssl/lib/libssl.dylib, file was built for x86_64 which is not the architecture being linked (i386): /usr/local/opt/openssl/lib/libssl.dylibignoring file /usr/local/opt/openssl/lib/libcrypto.dylib, file was built for x86_64 which is not the architecture being linked (i386): /usr/local/opt/openssl/lib/libcrypto.dylib

ld: warning: directory not found for option '-L/opt/local/lib'
checked program was:
/* begin */
1: #include "ruby.h"
2: 
3: int main() {return 0;}
/* end */

"xcrun clang++ -o conftest -I/System/Library/Frameworks/Ruby.framework/Versions/2.0/usr/include/ruby-2.0.0/universal-darwin16 -I/System/Library/Frameworks/Ruby.framework/Versions/2.0/usr/include/ruby-2.0.0/ruby/backward -I/System/Library/Frameworks/Ruby.framework/Versions/2.0/usr/include/ruby-2.0.0 -I. -I/usr/local/opt/openssl/include -I/opt/local/include -I/usr/local/include -D_XOPEN_SOURCE -D_DARWIN_C_SOURCE -D_DARWIN_UNLIMITED_SELECT -D_REENTRANT    -g -Os -pipe -DHAVE_GCC_SYNC_BUILTINS  conftest.c  -L. -L/System/Library/Frameworks/Ruby.framework/Versions/2.0/usr/lib -L/usr/local/opt/openssl/lib -L/opt/local/lib -L/usr/local/lib -L. -L/usr/local/lib    -arch i386 -arch x86_64   -lssl -lcrypto -lz -lcrypto -lssl -lcrypto -lssl -lcrypto -lssl -lcrypto -lssl -lruby.2.0.0 -Wextra -lpthread -ldl -lobjc "
clang: warning: treating 'c' input as 'c++' when in C++ mode, this behavior is deprecated [-Wdeprecated]
ld: warning: directory not found for option '-L/opt/local/lib'
ld: warning: ld: warning: ignoring file /usr/local/opt/openssl/lib/libssl.dylib, file was built for x86_64 which is not the architecture being linked (i386): /usr/local/opt/openssl/lib/libssl.dylibignoring file /usr/local/opt/openssl/lib/libcrypto.dylib, file was built for x86_64 which is not the architecture being linked (i386): /usr/local/opt/openssl/lib/libcrypto.dylib

ld: warning: directory not found for option '-L/opt/local/lib'
checked program was:
/* begin */
1: #include "ruby.h"
2: 
3: int main() {return 0;}
/* end */

"xcrun clang++ -o conftest -I/System/Library/Frameworks/Ruby.framework/Versions/2.0/usr/include/ruby-2.0.0/universal-darwin16 -I/System/Library/Frameworks/Ruby.framework/Versions/2.0/usr/include/ruby-2.0.0/ruby/backward -I/System/Library/Frameworks/Ruby.framework/Versions/2.0/usr/include/ruby-2.0.0 -I. -I/usr/local/opt/openssl/include -I/opt/local/include -I/usr/local/include -D_XOPEN_SOURCE -D_DARWIN_C_SOURCE -D_DARWIN_UNLIMITED_SELECT -D_REENTRANT    -g -Os -pipe -DHAVE_GCC_SYNC_BUILTINS  conftest.c  -L. -L/System/Library/Frameworks/Ruby.framework/Versions/2.0/usr/lib -L/usr/local/opt/openssl/lib -L/opt/local/lib -L/usr/local/lib -L. -L/usr/local/lib    -arch i386 -arch x86_64   -lssl -lcrypto -lz -lcrypto -lssl -lcrypto -lssl -lcrypto -lssl -lcrypto -lssl -lruby.2.0.0 -Wno-deprecated-declarations -lpthread -ldl -lobjc "
clang: warning: treating 'c' input as 'c++' when in C++ mode, this behavior is deprecated [-Wdeprecated]
ld: warning: directory not found for option '-L/opt/local/lib'
ld: warning: ld: warning: ignoring file /usr/local/opt/openssl/lib/libcrypto.dylib, file was built for x86_64 which is not the architecture being linked (i386): /usr/local/opt/openssl/lib/libcrypto.dylibignoring file /usr/local/opt/openssl/lib/libssl.dylib, file was built for x86_64 which is not the architecture being linked (i386): /usr/local/opt/openssl/lib/libssl.dylib

ld: warning: directory not found for option '-L/opt/local/lib'
checked program was:
/* begin */
1: #include "ruby.h"
2: 
3: int main() {return 0;}
/* end */

"xcrun clang++ -o conftest -I/System/Library/Frameworks/Ruby.framework/Versions/2.0/usr/include/ruby-2.0.0/universal-darwin16 -I/System/Library/Frameworks/Ruby.framework/Versions/2.0/usr/include/ruby-2.0.0/ruby/backward -I/System/Library/Frameworks/Ruby.framework/Versions/2.0/usr/include/ruby-2.0.0 -I. -I/usr/local/opt/openssl/include -I/opt/local/include -I/usr/local/include -D_XOPEN_SOURCE -D_DARWIN_C_SOURCE -D_DARWIN_UNLIMITED_SELECT -D_REENTRANT    -g -Os -pipe -DHAVE_GCC_SYNC_BUILTINS  conftest.c  -L. -L/System/Library/Frameworks/Ruby.framework/Versions/2.0/usr/lib -L/usr/local/opt/openssl/lib -L/opt/local/lib -L/usr/local/lib -L. -L/usr/local/lib    -arch i386 -arch x86_64   -lssl -lcrypto -lz -lcrypto -lssl -lcrypto -lssl -lcrypto -lssl -lcrypto -lssl -lruby.2.0.0 -Wno-ignored-qualifiers -lpthread -ldl -lobjc "
clang: warning: treating 'c' input as 'c++' when in C++ mode, this behavior is deprecated [-Wdeprecated]
ld: warning: directory not found for option '-L/opt/local/lib'
ld: warning: ld: warning: ignoring file /usr/local/opt/openssl/lib/libcrypto.dylib, file was built for x86_64 which is not the architecture being linked (i386): /usr/local/opt/openssl/lib/libcrypto.dylibignoring file /usr/local/opt/openssl/lib/libssl.dylib, file was built for x86_64 which is not the architecture being linked (i386): /usr/local/opt/openssl/lib/libssl.dylib

ld: warning: directory not found for option '-L/opt/local/lib'
checked program was:
/* begin */
1: #include "ruby.h"
2: 
3: int main() {return 0;}
/* end */

"xcrun clang++ -o conftest -I/System/Library/Frameworks/Ruby.framework/Versions/2.0/usr/include/ruby-2.0.0/universal-darwin16 -I/System/Library/Frameworks/Ruby.framework/Versions/2.0/usr/include/ruby-2.0.0/ruby/backward -I/System/Library/Frameworks/Ruby.framework/Versions/2.0/usr/include/ruby-2.0.0 -I. -I/usr/local/opt/openssl/include -I/opt/local/include -I/usr/local/include -D_XOPEN_SOURCE -D_DARWIN_C_SOURCE -D_DARWIN_UNLIMITED_SELECT -D_REENTRANT    -g -Os -pipe -DHAVE_GCC_SYNC_BUILTINS  conftest.c  -L. -L/System/Library/Frameworks/Ruby.framework/Versions/2.0/usr/lib -L/usr/local/opt/openssl/lib -L/opt/local/lib -L/usr/local/lib -L. -L/usr/local/lib    -arch i386 -arch x86_64   -lssl -lcrypto -lz -lcrypto -lssl -lcrypto -lssl -lcrypto -lssl -lcrypto -lssl -lruby.2.0.0 -Wno-unused-result -lpthread -ldl -lobjc "
clang: warning: treating 'c' input as 'c++' when in C++ mode, this behavior is deprecated [-Wdeprecated]
ld: warning: directory not found for option '-L/opt/local/lib'
ld: warning: ld: warning: ignoring file /usr/local/opt/openssl/lib/libcrypto.dylib, file was built for x86_64 which is not the architecture being linked (i386): /usr/local/opt/openssl/lib/libcrypto.dylibignoring file /usr/local/opt/openssl/lib/libssl.dylib, file was built for x86_64 which is not the architecture being linked (i386): /usr/local/opt/openssl/lib/libssl.dylib

ld: warning: directory not found for option '-L/opt/local/lib'
checked program was:
/* begin */
1: #include "ruby.h"
2: 
3: int main() {return 0;}
/* end */

"xcrun clang++ -o conftest -I/System/Library/Frameworks/Ruby.framework/Versions/2.0/usr/include/ruby-2.0.0/universal-darwin16 -I/System/Library/Frameworks/Ruby.framework/Versions/2.0/usr/include/ruby-2.0.0/ruby/backward -I/System/Library/Frameworks/Ruby.framework/Versions/2.0/usr/include/ruby-2.0.0 -I. -I/usr/local/opt/openssl/include -I/opt/local/include -I/usr/local/include -D_XOPEN_SOURCE -D_DARWIN_C_SOURCE -D_DARWIN_UNLIMITED_SELECT -D_REENTRANT    -g -Os -pipe -DHAVE_GCC_SYNC_BUILTINS  conftest.c  -L. -L/System/Library/Frameworks/Ruby.framework/Versions/2.0/usr/lib -L/usr/local/opt/openssl/lib -L/opt/local/lib -L/usr/local/lib -L. -L/usr/local/lib    -arch i386 -arch x86_64   -lssl -lcrypto -lz -lcrypto -lssl -lcrypto -lssl -lcrypto -lssl -lcrypto -lssl -lruby.2.0.0 -Wno-address -lpthread -ldl -lobjc "
clang: warning: treating 'c' input as 'c++' when in C++ mode, this behavior is deprecated [-Wdeprecated]
ld: warning: directory not found for option '-L/opt/local/lib'
ld: warning: ld: warning: ignoring file /usr/local/opt/openssl/lib/libcrypto.dylib, file was built for x86_64 which is not the architecture being linked (i386): /usr/local/opt/openssl/lib/libcrypto.dylibignoring file /usr/local/opt/openssl/lib/libssl.dylib, file was built for x86_64 which is not the architecture being linked (i386): /usr/local/opt/openssl/lib/libssl.dylib

ld: warning: directory not found for option '-L/opt/local/lib'
checked program was:
/* begin */
1: #include "ruby.h"
2: 
3: int main() {return 0;}
/* end */

"xcrun clang++ -o conftest -I/System/Library/Frameworks/Ruby.framework/Versions/2.0/usr/include/ruby-2.0.0/universal-darwin16 -I/System/Library/Frameworks/Ruby.framework/Versions/2.0/usr/include/ruby-2.0.0/ruby/backward -I/System/Library/Frameworks/Ruby.framework/Versions/2.0/usr/include/ruby-2.0.0 -I. -I/usr/local/opt/openssl/include -I/opt/local/include -I/usr/local/include -D_XOPEN_SOURCE -D_DARWIN_C_SOURCE -D_DARWIN_UNLIMITED_SELECT -D_REENTRANT    -g -Os -pipe -DHAVE_GCC_SYNC_BUILTINS  conftest.c  -L. -L/System/Library/Frameworks/Ruby.framework/Versions/2.0/usr/lib -L/usr/local/opt/openssl/lib -L/opt/local/lib -L/usr/local/lib -L. -L/usr/local/lib    -arch i386 -arch x86_64   -lssl -lcrypto -lz -lcrypto -lssl -lcrypto -lssl -lcrypto -lssl -lcrypto -lssl -lruby.2.0.0 -lstdc++ -lpthread -ldl -lobjc "
clang: warning: treating 'c' input as 'c++' when in C++ mode, this behavior is deprecated [-Wdeprecated]
ld: warning: directory not found for option '-L/opt/local/lib'
ld: warning: ld: warning: ignoring file /usr/local/opt/openssl/lib/libcrypto.dylib, file was built for x86_64 which is not the architecture being linked (i386): /usr/local/opt/openssl/lib/libcrypto.dylibignoring file /usr/local/opt/openssl/lib/libssl.dylib, file was built for x86_64 which is not the architecture being linked (i386): /usr/local/opt/openssl/lib/libssl.dylib

ld: warning: directory not found for option '-L/opt/local/lib'
checked program was:
/* begin */
1: #include "ruby.h"
2: 
3:   #include <utility>
4:   using namespace std;
5:   int main(){ pair<const int,int> tuple = make_pair(1,2); }
/* end */

